<?xml version="1.0" encoding="UTF-8"?>
<testsuite xmlns:xsi="http://www.w3.org/2001/XMLSchema-instance" xsi:noNamespaceSchemaLocation="https://maven.apache.org/surefire/maven-surefire-plugin/xsd/surefire-test-report.xsd" name="BonusServiceTest" time="0.045" tests="2" errors="0" skipped="0" failures="1">
  <properties>
[...]
</properties>
  <testcase name="shouldCalculateRegisteredAndUnderLimit" classname="BonusServiceTest" time="0.028"/>
  <testcase name="shouldCalculateRegisteredAndOverLimit" classname="BonusServiceTest" time="0.012">
    <failure message="expected: &lt;300&gt; but was: &lt;500&gt;" type="org.opentest4j.AssertionFailedError"><![CDATA[org.opentest4j.AssertionFailedError: expected: <300> but was: <500>
	at BonusServiceTest.shouldCalculateRegisteredAndOverLimit(BonusServiceTest.java:28)
]]></failure>
  </testcase>
</testsuite>